20.окт..2023 17:05:43.460 [Ponger] INFO  r.m.l.AgentPong - Agent Ponger@192.168.56.1:1099/JADE was born 1697810743450
26.окт..2023 20:17:05.267 [Sash] INFO  r.m.h.FunctionAgent - Sash: Я родился!
26.окт..2023 20:17:05.267 [Sech] INFO  r.m.h.FunctionAgent - Sech: Я родился!
26.окт..2023 20:17:05.267 [Sesh] INFO  r.m.h.FunctionAgent - Sesh: Я родился!
26.окт..2023 20:17:05.267 [Serj] INFO  r.m.h.FunctionAgent - Serj: Я родился!
26.окт..2023 20:17:05.310 [Sech] INFO  r.m.h.SendStartSetBehaviour - Sech: Новая ставка: 82
26.окт..2023 20:17:05.319 [Sesh] INFO  r.m.h.SendMySetBehaviour - Sesh: Моя ставка: 181
26.окт..2023 20:17:05.320 [Sash] INFO  r.m.h.SendMySetBehaviour - Sash: Моя ставка: 120
26.окт..2023 20:17:05.323 [Serj] INFO  r.m.h.SendMySetBehaviour - Serj: Моя ставка: 138
26.окт..2023 20:19:40.329 [Sech] INFO  r.m.h.FunctionAgent - Sech: Я родился!
26.окт..2023 20:19:40.329 [Sash] INFO  r.m.h.FunctionAgent - Sash: Я родился!
26.окт..2023 20:19:40.329 [Serj] INFO  r.m.h.FunctionAgent - Serj: Я родился!
26.окт..2023 20:19:40.329 [Sesh] INFO  r.m.h.FunctionAgent - Sesh: Я родился!
26.окт..2023 20:19:40.367 [Sech] INFO  r.m.h.SendStartSetBehaviour - Sech: Новая ставка: 274
26.окт..2023 20:19:40.376 [Sash] INFO  r.m.h.SendMySetBehaviour - Sash: Моя ставка: 1042
26.окт..2023 20:19:40.377 [Serj] INFO  r.m.h.SendMySetBehaviour - Serj: Моя ставка: 584
26.окт..2023 20:19:40.378 [Sesh] INFO  r.m.h.SendMySetBehaviour - Sesh: Моя ставка: 496
26.окт..2023 20:19:40.402 [Sech] INFO  r.m.h.ReceivedYourSetBehaviour - Sech: Одержал победу в торгах: Sash со ставкой: 1042
26.окт..2023 20:20:02.003 [Serj] INFO  r.m.h.FunctionAgent - Serj: Я родился!
26.окт..2023 20:20:02.003 [Sech] INFO  r.m.h.FunctionAgent - Sech: Я родился!
26.окт..2023 20:20:02.003 [Sash] INFO  r.m.h.FunctionAgent - Sash: Я родился!
26.окт..2023 20:20:02.003 [Sesh] INFO  r.m.h.FunctionAgent - Sesh: Я родился!
26.окт..2023 20:20:02.044 [Sech] INFO  r.m.h.SendStartSetBehaviour - Sech: Новая ставка: 474
26.окт..2023 20:20:02.052 [Serj] INFO  r.m.h.SendMySetBehaviour - Serj: Моя ставка: 911
26.окт..2023 20:20:02.052 [Sash] INFO  r.m.h.SendMySetBehaviour - Sash: Моя ставка: 1538
26.окт..2023 20:20:02.056 [Sesh] INFO  r.m.h.SendMySetBehaviour - Sesh: Моя ставка: 829
26.окт..2023 20:20:02.076 [Sech] INFO  r.m.h.ReceivedYourSetBehaviour - Sech: Одержал победу в торгах: Sash со ставкой: 1538
26.окт..2023 20:20:16.680 [Sash] INFO  r.m.h.FunctionAgent - Sash: Я родился!
26.окт..2023 20:20:16.680 [Serj] INFO  r.m.h.FunctionAgent - Serj: Я родился!
26.окт..2023 20:20:16.680 [Sesh] INFO  r.m.h.FunctionAgent - Sesh: Я родился!
26.окт..2023 20:20:16.680 [Sech] INFO  r.m.h.FunctionAgent - Sech: Я родился!
26.окт..2023 20:20:16.719 [Sech] INFO  r.m.h.SendStartSetBehaviour - Sech: Новая ставка: 431
26.окт..2023 20:20:16.728 [Serj] INFO  r.m.h.SendMySetBehaviour - Serj: Моя ставка: 902
26.окт..2023 20:20:16.730 [Sash] INFO  r.m.h.SendMySetBehaviour - Sash: Моя ставка: 1329
26.окт..2023 20:20:16.734 [Sesh] INFO  r.m.h.SendMySetBehaviour - Sesh: Моя ставка: 1605
26.окт..2023 20:20:16.757 [Sech] INFO  r.m.h.ReceivedYourSetBehaviour - Sech: Одержал победу в торгах: Sesh со ставкой: 1605
26.окт..2023 20:27:03.200 [Sesh] INFO  r.m.h.FunctionAgent - Sesh: Я родился!
26.окт..2023 20:27:03.200 [Serj] INFO  r.m.h.FunctionAgent - Serj: Я родился!
26.окт..2023 20:27:03.200 [Sech] INFO  r.m.h.FunctionAgent - Sech: Я родился!
26.окт..2023 20:27:03.200 [Sash] INFO  r.m.h.FunctionAgent - Sash: Я родился!
26.окт..2023 20:27:03.239 [Sech] INFO  r.m.h.SendStartSetBehaviour - Sech: Новая ставка: 419
26.окт..2023 20:27:03.246 [Serj] INFO  r.m.h.SendMySetBehaviour - Serj: Моя ставка: 438
26.окт..2023 20:27:03.247 [Sesh] INFO  r.m.h.SendMySetBehaviour - Sesh: Моя ставка: 887
26.окт..2023 20:27:03.250 [Sash] INFO  r.m.h.SendMySetBehaviour - Sash: Моя ставка: 721
26.окт..2023 20:27:03.271 [Sech] INFO  r.m.h.ReceivedYourSetBehaviour - Sech: Одержал победу в торгах: Sesh со ставкой: 887
26.окт..2023 20:28:20.961 [Sash] INFO  r.m.h.FunctionAgent - Sash: Я родился!
26.окт..2023 20:28:20.961 [Sech] INFO  r.m.h.FunctionAgent - Sech: Я родился!
26.окт..2023 20:28:20.961 [Sesh] INFO  r.m.h.FunctionAgent - Sesh: Я родился!
26.окт..2023 20:28:20.961 [Serj] INFO  r.m.h.FunctionAgent - Serj: Я родился!
26.окт..2023 20:28:20.999 [Sech] INFO  r.m.h.SendStartSetBehaviour - Sech: Новая ставка: 278
26.окт..2023 20:28:21.008 [Sesh] INFO  r.m.h.SendMySetBehaviour - Sesh: Моя ставка: 480
26.окт..2023 20:28:21.011 [Serj] INFO  r.m.h.SendMySetBehaviour - Serj: Моя ставка: 910
26.окт..2023 20:28:21.014 [Sash] INFO  r.m.h.SendMySetBehaviour - Sash: Моя ставка: 679
26.окт..2023 20:28:21.038 [Sech] INFO  r.m.h.ReceivedYourSetBehaviour - Sech: Одержал победу в торгах: Serj со ставкой: 910
26.окт..2023 20:28:21.046 [Serj] INFO  r.m.h.ReceivedStartSetBehaviour - Serj: Ура я выиграл!
26.окт..2023 20:28:34.579 [Serj] INFO  r.m.h.FunctionAgent - Serj: Я родился!
26.окт..2023 20:28:34.579 [Sech] INFO  r.m.h.FunctionAgent - Sech: Я родился!
26.окт..2023 20:28:34.579 [Sesh] INFO  r.m.h.FunctionAgent - Sesh: Я родился!
26.окт..2023 20:28:34.579 [Sash] INFO  r.m.h.FunctionAgent - Sash: Я родился!
26.окт..2023 20:28:34.628 [Sech] INFO  r.m.h.SendStartSetBehaviour - Sech: Новая ставка: 228
26.окт..2023 20:28:34.634 [Sash] INFO  r.m.h.SendMySetBehaviour - Sash: Моя ставка: 909
26.окт..2023 20:28:34.634 [Serj] INFO  r.m.h.SendMySetBehaviour - Serj: Моя ставка: 231
26.окт..2023 20:28:34.639 [Sesh] INFO  r.m.h.SendMySetBehaviour - Sesh: Моя ставка: 425
26.окт..2023 20:28:34.656 [Sech] INFO  r.m.h.ReceivedYourSetBehaviour - Sech: Одержал победу в торгах: Sash со ставкой: 909
26.окт..2023 20:28:34.670 [Sash] INFO  r.m.h.ReceivedStartSetBehaviour - Sash: Ура я выиграл!
07.нояб..2023 23:26:18.136 [Croupier] INFO  r.m.h.FunctionAgent - Croupier: I was born
07.нояб..2023 23:26:18.136 [SellerTwo] INFO  r.m.h.FunctionAgent - SellerTwo: I was born
07.нояб..2023 23:26:18.136 [SellerOne] INFO  r.m.h.FunctionAgent - SellerOne: I was born
07.нояб..2023 23:26:18.168 [Croupier] INFO  r.m.h.c.StartAuctionBehaviour - Auction was Started!
07.нояб..2023 23:26:18.176 [SellerTwo] INFO  r.m.h.s.SendAnswerBehaviour - SellerTwo: my Bet = 313
07.нояб..2023 23:26:18.176 [SellerOne] INFO  r.m.h.s.SendAnswerBehaviour - SellerOne: my Bet = -431
07.нояб..2023 23:26:28.161 [SellerTwo] WARN  r.m.h.c.h.b.WaitBehaviour - Time is up
07.нояб..2023 23:26:28.161 [SellerTwo] INFO  r.m.h.FailBehaviour - Провал аукциона
07.нояб..2023 23:26:28.163 [SellerOne] WARN  r.m.h.c.h.b.WaitBehaviour - Time is up
07.нояб..2023 23:26:28.163 [SellerOne] INFO  r.m.h.FailBehaviour - Провал аукциона
07.нояб..2023 23:27:50.700 [SellerOne] INFO  r.m.h.FunctionAgent - SellerOne: I was born
07.нояб..2023 23:27:50.700 [SellerTwo] INFO  r.m.h.FunctionAgent - SellerTwo: I was born
07.нояб..2023 23:27:50.700 [Croupier] INFO  r.m.h.FunctionAgent - Croupier: I was born
07.нояб..2023 23:27:50.727 [Croupier] INFO  r.m.h.c.StartAuctionBehaviour - Auction was Started!
07.нояб..2023 23:27:50.727 [SellerOne] INFO  r.m.h.s.WaitForInvite - I dont wont proposes!
07.нояб..2023 23:27:50.736 [SellerTwo] INFO  r.m.h.s.SendAnswerBehaviour - SellerTwo: my Bet = -178
07.нояб..2023 23:30:01.486 [Croupier] INFO  r.m.h.FunctionAgent - Croupier: I was born
07.нояб..2023 23:30:01.486 [SellerTwo] INFO  r.m.h.FunctionAgent - SellerTwo: I was born
07.нояб..2023 23:30:01.486 [SellerOne] INFO  r.m.h.FunctionAgent - SellerOne: I was born
07.нояб..2023 23:30:01.516 [Croupier] INFO  r.m.h.c.StartAuctionBehaviour - Auction was Started!
07.нояб..2023 23:30:01.516 [SellerOne] INFO  r.m.h.s.WaitForInvite - I dont wont proposes!
07.нояб..2023 23:30:01.523 [SellerTwo] INFO  r.m.h.s.SendAnswerBehaviour - SellerTwo: my Bet = -237
07.нояб..2023 23:30:11.508 [SellerTwo] WARN  r.m.h.c.h.b.WaitBehaviour - Time is up
07.нояб..2023 23:30:11.508 [SellerTwo] INFO  r.m.h.FailBehaviour - Провал аукциона
07.нояб..2023 23:30:11.509 [SellerOne] WARN  r.m.h.c.h.b.WaitBehaviour - Time is up
07.нояб..2023 23:30:11.509 [SellerOne] INFO  r.m.h.FailBehaviour - Провал аукциона
07.нояб..2023 23:31:22.565 [SellerOne] INFO  r.m.h.FunctionAgent - SellerOne: I was born
07.нояб..2023 23:31:22.565 [SellerTwo] INFO  r.m.h.FunctionAgent - SellerTwo: I was born
07.нояб..2023 23:31:22.565 [Croupier] INFO  r.m.h.FunctionAgent - Croupier: I was born
07.нояб..2023 23:31:22.596 [Croupier] INFO  r.m.h.c.StartAuctionBehaviour - Auction was Started!
07.нояб..2023 23:31:22.596 [SellerTwo] INFO  r.m.h.s.WaitForInvite - I dont wont proposes!
07.нояб..2023 23:31:22.608 [SellerOne] INFO  r.m.h.s.SendAnswerBehaviour - SellerOne: my Bet = 49
07.нояб..2023 23:31:32.583 [SellerOne] WARN  r.m.h.c.h.b.WaitBehaviour - Time is up
07.нояб..2023 23:31:32.583 [SellerOne] INFO  r.m.h.FailBehaviour - Провал аукциона
07.нояб..2023 23:31:32.584 [SellerTwo] WARN  r.m.h.c.h.b.WaitBehaviour - Time is up
07.нояб..2023 23:31:32.584 [SellerTwo] INFO  r.m.h.FailBehaviour - Провал аукциона
07.нояб..2023 23:31:32.600 [Croupier] WARN  r.m.h.c.h.b.WaitBehaviour - Time is up
07.нояб..2023 23:31:32.601 [Croupier] INFO  r.m.h.c.WaitForProposesBehaviour - Croupier: Time is up! Received not all proposes, winner is SellerOne@192.168.56.1:1099/JADE
07.нояб..2023 23:31:32.603 [Croupier] INFO  r.m.h.c.SendContractBehaviour - Croupier: SellerOne@192.168.56.1:1099/JADE you win!
07.нояб..2023 23:31:32.612 [Croupier] WARN  r.m.h.c.h.b.WaitBehaviour - Time is up
07.нояб..2023 23:31:32.612 [Croupier] INFO  r.m.h.FailBehaviour - Провал аукциона
07.нояб..2023 23:35:54.835 [SellerOne] INFO  r.m.h.FunctionAgent - SellerOne: I was born
07.нояб..2023 23:35:54.835 [Croupier] INFO  r.m.h.FunctionAgent - Croupier: I was born
07.нояб..2023 23:35:54.835 [SellerTwo] INFO  r.m.h.FunctionAgent - SellerTwo: I was born
07.нояб..2023 23:35:54.861 [Croupier] INFO  r.m.h.c.StartAuctionBehaviour - Auction was Started!
07.нояб..2023 23:35:54.874 [SellerTwo] INFO  r.m.h.s.SendAnswerBehaviour - SellerTwo: my Bet = -313
07.нояб..2023 23:35:54.878 [SellerOne] INFO  r.m.h.s.SendAnswerBehaviour - SellerOne: my Bet = 104
07.нояб..2023 23:35:54.890 [Croupier] INFO  r.m.h.c.WaitForProposesBehaviour - Croupier: Received all proposes, winner is SellerOne@192.168.56.1:1099/JADE
07.нояб..2023 23:35:54.897 [Croupier] INFO  r.m.h.c.SendContractBehaviour - Croupier: SellerOne@192.168.56.1:1099/JADE you win!
07.нояб..2023 23:35:54.898 [SellerTwo] INFO  r.m.h.FailBehaviour - Провал аукциона
07.нояб..2023 23:36:04.881 [Croupier] WARN  r.m.h.c.h.b.WaitBehaviour - Time is up
07.нояб..2023 23:36:04.881 [Croupier] INFO  r.m.h.FailBehaviour - Провал аукциона
07.нояб..2023 23:36:29.671 [Croupier] INFO  r.m.h.FunctionAgent - Croupier: I was born
07.нояб..2023 23:36:29.671 [SellerTwo] INFO  r.m.h.FunctionAgent - SellerTwo: I was born
07.нояб..2023 23:36:29.671 [SellerOne] INFO  r.m.h.FunctionAgent - SellerOne: I was born
07.нояб..2023 23:36:29.700 [Croupier] INFO  r.m.h.c.StartAuctionBehaviour - Auction was Started!
07.нояб..2023 23:36:29.713 [SellerOne] INFO  r.m.h.s.SendAnswerBehaviour - SellerOne: my Bet = 405
07.нояб..2023 23:36:29.715 [SellerTwo] INFO  r.m.h.s.SendAnswerBehaviour - SellerTwo: my Bet = -176
07.нояб..2023 23:36:29.726 [Croupier] INFO  r.m.h.c.WaitForProposesBehaviour - Croupier: Received all proposes, winner is SellerOne@192.168.56.1:1099/JADE
07.нояб..2023 23:36:29.735 [Croupier] INFO  r.m.h.c.SendContractBehaviour - Croupier: SellerOne@192.168.56.1:1099/JADE you win!
07.нояб..2023 23:36:29.736 [SellerTwo] INFO  r.m.h.FailBehaviour - Провал аукциона
07.нояб..2023 23:36:29.741 [SellerOne] WARN  r.m.h.s.SendContractWinAndReject - SellerOne: I reject!
07.нояб..2023 23:36:29.741 [Croupier] INFO  r.m.h.FailBehaviour - Провал аукциона
07.нояб..2023 23:37:32.922 [SellerOne] INFO  r.m.h.FunctionAgent - SellerOne: I was born
07.нояб..2023 23:37:32.922 [Croupier] INFO  r.m.h.FunctionAgent - Croupier: I was born
07.нояб..2023 23:37:32.922 [SellerTwo] INFO  r.m.h.FunctionAgent - SellerTwo: I was born
07.нояб..2023 23:37:32.955 [Croupier] INFO  r.m.h.c.StartAuctionBehaviour - Auction was Started!
07.нояб..2023 23:37:32.966 [SellerOne] INFO  r.m.h.s.SendAnswerBehaviour - SellerOne: my Bet = 231
07.нояб..2023 23:37:32.973 [SellerTwo] INFO  r.m.h.s.SendAnswerBehaviour - SellerTwo: my Bet = -330
07.нояб..2023 23:37:32.986 [Croupier] INFO  r.m.h.c.WaitForProposesBehaviour - Croupier: Received all proposes, winner is SellerOne@192.168.56.1:1099/JADE
07.нояб..2023 23:37:32.993 [Croupier] INFO  r.m.h.c.SendContractBehaviour - Croupier: SellerOne@192.168.56.1:1099/JADE you win!
07.нояб..2023 23:37:32.994 [SellerOne] WARN  r.m.h.s.WaitForContractBehaviour - SellerOne: I ignore!
07.нояб..2023 23:37:32.994 [SellerTwo] WARN  r.m.h.s.WaitForContractBehaviour - SellerTwo: I ignore!
07.нояб..2023 23:37:42.977 [Croupier] WARN  r.m.h.c.h.b.WaitBehaviour - Time is up
07.нояб..2023 23:37:42.977 [Croupier] INFO  r.m.h.FailBehaviour - Провал аукциона
07.нояб..2023 23:38:25.626 [SellerOne] INFO  r.m.h.FunctionAgent - SellerOne: I was born
07.нояб..2023 23:38:25.626 [Croupier] INFO  r.m.h.FunctionAgent - Croupier: I was born
07.нояб..2023 23:38:25.626 [SellerTwo] INFO  r.m.h.FunctionAgent - SellerTwo: I was born
07.нояб..2023 23:38:25.661 [Croupier] INFO  r.m.h.c.StartAuctionBehaviour - Auction was Started!
07.нояб..2023 23:38:25.668 [SellerTwo] INFO  r.m.h.s.SendAnswerBehaviour - SellerTwo: my Bet = -134
07.нояб..2023 23:38:25.670 [SellerOne] INFO  r.m.h.s.SendAnswerBehaviour - SellerOne: my Bet = 159
07.нояб..2023 23:38:25.679 [Croupier] INFO  r.m.h.c.WaitForProposesBehaviour - Croupier: Received all proposes, winner is SellerOne@192.168.56.1:1099/JADE
07.нояб..2023 23:38:25.687 [Croupier] INFO  r.m.h.c.SendContractBehaviour - Croupier: SellerOne@192.168.56.1:1099/JADE you win!
07.нояб..2023 23:38:25.687 [SellerTwo] INFO  r.m.h.FailBehaviour - Провал аукциона
07.нояб..2023 23:38:25.692 [SellerOne] WARN  r.m.h.s.SendContractYouWin - SellerOne: I agree!
07.нояб..2023 23:38:25.693 [Croupier] INFO  r.m.h.SuccessBehaviour - Успешный аукцион!
07.нояб..2023 23:40:26.822 [SellerOne] INFO  r.m.h.FunctionAgent - SellerOne: I was born
07.нояб..2023 23:40:26.822 [SellerTwo] INFO  r.m.h.FunctionAgent - SellerTwo: I was born
07.нояб..2023 23:40:26.822 [Croupier] INFO  r.m.h.FunctionAgent - Croupier: I was born
07.нояб..2023 23:40:26.848 [Croupier] INFO  r.m.h.c.StartAuctionBehaviour - Auction was Started!
07.нояб..2023 23:40:26.859 [SellerTwo] INFO  r.m.h.s.SendAnswerBehaviour - SellerTwo: my Bet = -166
07.нояб..2023 23:40:26.860 [SellerOne] INFO  r.m.h.s.SendAnswerBehaviour - SellerOne: my Bet = -340
07.нояб..2023 23:40:26.871 [Croupier] INFO  r.m.h.c.WaitForProposesBehaviour - Croupier: Received all proposes, winner is 
07.нояб..2023 23:40:26.880 [Croupier] INFO  r.m.h.c.SendContractBehaviour - Croupier:  you win!
07.нояб..2023 23:40:26.881 [SellerTwo] WARN  r.m.h.s.WaitForContractBehaviour - SellerTwo: I ignore!
07.нояб..2023 23:40:26.882 [SellerOne] INFO  r.m.h.FailBehaviour - SellerOne: Провал аукциона
07.нояб..2023 23:40:36.867 [Croupier] WARN  r.m.h.c.h.b.WaitBehaviour - Time is up
07.нояб..2023 23:40:36.868 [Croupier] INFO  r.m.h.FailBehaviour - Croupier: Провал аукциона
07.нояб..2023 23:44:12.998 [SellerOne] INFO  r.m.h.FunctionAgent - SellerOne: I was born
07.нояб..2023 23:44:12.998 [SellerTwo] INFO  r.m.h.FunctionAgent - SellerTwo: I was born
07.нояб..2023 23:44:12.998 [Croupier] INFO  r.m.h.FunctionAgent - Croupier: I was born
07.нояб..2023 23:44:13.023 [Croupier] INFO  r.m.h.c.StartAuctionBehaviour - Auction was Started!
07.нояб..2023 23:44:13.024 [SellerOne] INFO  r.m.h.s.WaitForInvite - I dont wont proposes!
07.нояб..2023 23:44:13.035 [SellerTwo] INFO  r.m.h.s.SendAnswerBehaviour - SellerTwo: my Bet = -445
07.нояб..2023 23:44:23.026 [Croupier] WARN  r.m.h.c.h.b.WaitBehaviour - Time is up
07.нояб..2023 23:44:23.027 [Croupier] INFO  r.m.h.c.WaitForProposesBehaviour - Croupier: Time is up! Received not all proposes, winner is 
07.нояб..2023 23:44:23.030 [Croupier] INFO  r.m.h.c.SendContractBehaviour - Croupier:  you win!
07.нояб..2023 23:44:23.031 [SellerOne] INFO  r.m.h.FailBehaviour - SellerOne: Провал аукциона
07.нояб..2023 23:44:23.031 [SellerTwo] INFO  r.m.h.FailBehaviour - SellerTwo: Провал аукциона
07.нояб..2023 23:44:23.041 [Croupier] WARN  r.m.h.c.h.b.WaitBehaviour - Time is up
07.нояб..2023 23:44:23.041 [Croupier] INFO  r.m.h.FailBehaviour - Croupier: Провал аукциона
07.нояб..2023 23:45:04.085 [Croupier] INFO  r.m.h.FunctionAgent - Croupier: I was born
07.нояб..2023 23:45:04.085 [SellerOne] INFO  r.m.h.FunctionAgent - SellerOne: I was born
07.нояб..2023 23:45:04.085 [SellerTwo] INFO  r.m.h.FunctionAgent - SellerTwo: I was born
07.нояб..2023 23:45:04.116 [Croupier] INFO  r.m.h.c.StartAuctionBehaviour - Auction was Started!
07.нояб..2023 23:45:04.117 [SellerTwo] INFO  r.m.h.s.WaitForInvite - I dont wont proposes!
07.нояб..2023 23:45:04.129 [SellerOne] INFO  r.m.h.s.SendAnswerBehaviour - SellerOne: my Bet = -153
07.нояб..2023 23:45:14.120 [Croupier] WARN  r.m.h.c.h.b.WaitBehaviour - Time is up
07.нояб..2023 23:45:14.120 [Croupier] WARN  r.m.h.c.WaitForProposesBehaviour - Time is up!
07.нояб..2023 23:45:14.121 [Croupier] INFO  r.m.h.FailBehaviour - Croupier: Провал аукциона
07.нояб..2023 23:45:14.134 [Croupier] WARN  r.m.h.c.h.b.WaitBehaviour - Time is up
07.нояб..2023 23:45:14.134 [Croupier] INFO  r.m.h.FailBehaviour - Croupier: Провал аукциона
07.нояб..2023 23:45:24.110 [SellerOne] WARN  r.m.h.c.h.b.WaitBehaviour - Time is up
07.нояб..2023 23:45:24.110 [SellerOne] INFO  r.m.h.FailBehaviour - SellerOne: Провал аукциона
07.нояб..2023 23:45:24.112 [SellerTwo] WARN  r.m.h.c.h.b.WaitBehaviour - Time is up
07.нояб..2023 23:45:24.112 [SellerTwo] INFO  r.m.h.FailBehaviour - SellerTwo: Провал аукциона
07.нояб..2023 23:46:04.176 [SellerOne] INFO  r.m.h.FunctionAgent - SellerOne: I was born
07.нояб..2023 23:46:04.176 [SellerTwo] INFO  r.m.h.FunctionAgent - SellerTwo: I was born
07.нояб..2023 23:46:04.176 [Croupier] INFO  r.m.h.FunctionAgent - Croupier: I was born
07.нояб..2023 23:46:04.208 [Croupier] INFO  r.m.h.c.StartAuctionBehaviour - Auction was Started!
07.нояб..2023 23:46:04.209 [SellerTwo] INFO  r.m.h.s.WaitForInvite - I dont wont proposes!
07.нояб..2023 23:46:04.219 [SellerOne] INFO  r.m.h.s.SendAnswerBehaviour - SellerOne: my Bet = 249
07.нояб..2023 23:46:14.213 [Croupier] WARN  r.m.h.c.h.b.WaitBehaviour - Time is up
07.нояб..2023 23:46:14.214 [Croupier] INFO  r.m.h.c.WaitForProposesBehaviour - Croupier: Time is up! Received not all proposes, winner is SellerOne@192.168.56.1:1099/JADE
07.нояб..2023 23:46:14.217 [Croupier] INFO  r.m.h.c.SendContractBehaviour - Croupier: SellerOne@192.168.56.1:1099/JADE you win!
07.нояб..2023 23:46:14.218 [SellerTwo] INFO  r.m.h.FailBehaviour - SellerTwo: Провал аукциона
07.нояб..2023 23:46:14.219 [SellerOne] WARN  r.m.h.s.SendContractYouWin - SellerOne: I agree!
07.нояб..2023 23:46:14.220 [Croupier] INFO  r.m.h.SuccessBehaviour - Croupier: Успешный аукцион!
07.нояб..2023 23:46:40.477 [SellerTwo] INFO  r.m.h.FunctionAgent - SellerTwo: I was born
07.нояб..2023 23:46:40.477 [SellerOne] INFO  r.m.h.FunctionAgent - SellerOne: I was born
07.нояб..2023 23:46:40.477 [Croupier] INFO  r.m.h.FunctionAgent - Croupier: I was born
07.нояб..2023 23:46:40.502 [Croupier] INFO  r.m.h.c.StartAuctionBehaviour - Auction was Started!
07.нояб..2023 23:46:40.513 [SellerOne] INFO  r.m.h.s.SendAnswerBehaviour - SellerOne: my Bet = 261
07.нояб..2023 23:46:40.515 [SellerTwo] INFO  r.m.h.s.SendAnswerBehaviour - SellerTwo: my Bet = -469
07.нояб..2023 23:46:40.525 [Croupier] INFO  r.m.h.c.WaitForProposesBehaviour - Croupier: Received all proposes, winner is SellerOne@192.168.56.1:1099/JADE
07.нояб..2023 23:46:40.532 [Croupier] INFO  r.m.h.c.SendContractBehaviour - Croupier: SellerOne@192.168.56.1:1099/JADE you win!
07.нояб..2023 23:46:40.533 [SellerTwo] WARN  r.m.h.s.WaitForContractBehaviour - SellerTwo: I ignore!
07.нояб..2023 23:46:40.539 [SellerOne] WARN  r.m.h.s.SendContractYouWin - SellerOne: I agree!
07.нояб..2023 23:46:40.541 [Croupier] INFO  r.m.h.SuccessBehaviour - Croupier: Успешный аукцион!
07.нояб..2023 23:47:03.144 [Croupier] INFO  r.m.h.FunctionAgent - Croupier: I was born
07.нояб..2023 23:47:03.144 [SellerOne] INFO  r.m.h.FunctionAgent - SellerOne: I was born
07.нояб..2023 23:47:03.144 [SellerTwo] INFO  r.m.h.FunctionAgent - SellerTwo: I was born
07.нояб..2023 23:47:03.170 [Croupier] INFO  r.m.h.c.StartAuctionBehaviour - Auction was Started!
07.нояб..2023 23:47:03.178 [SellerOne] INFO  r.m.h.s.SendAnswerBehaviour - SellerOne: my Bet = -31
07.нояб..2023 23:47:03.181 [SellerTwo] INFO  r.m.h.s.SendAnswerBehaviour - SellerTwo: my Bet = 306
07.нояб..2023 23:47:03.191 [Croupier] INFO  r.m.h.c.WaitForProposesBehaviour - Croupier: Received all proposes, winner is SellerTwo@192.168.56.1:1099/JADE
07.нояб..2023 23:47:03.199 [Croupier] INFO  r.m.h.c.SendContractBehaviour - Croupier: SellerTwo@192.168.56.1:1099/JADE you win!
07.нояб..2023 23:47:03.205 [SellerOne] INFO  r.m.h.FailBehaviour - SellerOne: Провал аукциона
07.нояб..2023 23:47:03.211 [SellerTwo] WARN  r.m.h.s.SendContractYouWin - SellerTwo: I agree!
07.нояб..2023 23:47:03.212 [Croupier] INFO  r.m.h.SuccessBehaviour - Croupier: Успешный аукцион!
07.нояб..2023 23:47:16.276 [Croupier] INFO  r.m.h.FunctionAgent - Croupier: I was born
07.нояб..2023 23:47:16.276 [SellerOne] INFO  r.m.h.FunctionAgent - SellerOne: I was born
07.нояб..2023 23:47:16.276 [SellerTwo] INFO  r.m.h.FunctionAgent - SellerTwo: I was born
07.нояб..2023 23:47:16.305 [Croupier] INFO  r.m.h.c.StartAuctionBehaviour - Auction was Started!
07.нояб..2023 23:47:16.306 [SellerTwo] INFO  r.m.h.s.WaitForInvite - I dont wont proposes!
07.нояб..2023 23:47:16.316 [SellerOne] INFO  r.m.h.s.SendAnswerBehaviour - SellerOne: my Bet = -184
07.нояб..2023 23:47:26.309 [Croupier] WARN  r.m.h.c.h.b.WaitBehaviour - Time is up
07.нояб..2023 23:47:26.309 [Croupier] WARN  r.m.h.c.WaitForProposesBehaviour - Absent need bet more 0
07.нояб..2023 23:47:26.310 [Croupier] INFO  r.m.h.FailBehaviour - Croupier: Провал аукциона
07.нояб..2023 23:47:26.322 [Croupier] WARN  r.m.h.c.h.b.WaitBehaviour - Time is up
07.нояб..2023 23:47:26.322 [Croupier] INFO  r.m.h.FailBehaviour - Croupier: Провал аукциона
07.нояб..2023 23:47:36.299 [SellerOne] WARN  r.m.h.c.h.b.WaitBehaviour - Time is up
07.нояб..2023 23:47:36.299 [SellerOne] INFO  r.m.h.FailBehaviour - SellerOne: Провал аукциона
07.нояб..2023 23:47:36.301 [SellerTwo] WARN  r.m.h.c.h.b.WaitBehaviour - Time is up
07.нояб..2023 23:47:36.302 [SellerTwo] WARN  r.m.h.s.WaitForContractBehaviour - SellerTwo: I ignore!
07.нояб..2023 23:50:09.837 [SellerOne] INFO  r.m.h.FunctionAgent - SellerOne: I was born
07.нояб..2023 23:50:09.837 [SellerTwo] INFO  r.m.h.FunctionAgent - SellerTwo: I was born
07.нояб..2023 23:50:09.837 [Croupier] INFO  r.m.h.FunctionAgent - Croupier: I was born
07.нояб..2023 23:50:09.867 [Croupier] INFO  r.m.h.c.StartAuctionBehaviour - Auction was Started!
07.нояб..2023 23:50:09.878 [SellerOne] INFO  r.m.h.s.SendAnswerBehaviour - SellerOne: my Bet = 226
07.нояб..2023 23:50:09.880 [SellerTwo] INFO  r.m.h.s.SendAnswerBehaviour - SellerTwo: my Bet = -395
07.нояб..2023 23:50:09.892 [Croupier] INFO  r.m.h.c.WaitForProposesBehaviour - Croupier: Received all proposes, winner is SellerOne@192.168.56.1:1099/JADE
07.нояб..2023 23:50:09.900 [Croupier] INFO  r.m.h.c.SendContractBehaviour - Croupier: SellerOne@192.168.56.1:1099/JADE you win!
07.нояб..2023 23:50:09.902 [SellerTwo] INFO  r.m.h.FailBehaviour - SellerTwo: Провал аукциона
07.нояб..2023 23:50:09.906 [SellerOne] WARN  r.m.h.s.SendContractYouWin - SellerOne: I agree!
07.нояб..2023 23:50:09.907 [Croupier] INFO  r.m.h.SuccessBehaviour - Croupier: Успешный аукцион!
07.нояб..2023 23:50:27.247 [Croupier] INFO  r.m.h.FunctionAgent - Croupier: I was born
07.нояб..2023 23:50:27.247 [SellerOne] INFO  r.m.h.FunctionAgent - SellerOne: I was born
07.нояб..2023 23:50:27.247 [SellerTwo] INFO  r.m.h.FunctionAgent - SellerTwo: I was born
07.нояб..2023 23:50:27.282 [Croupier] INFO  r.m.h.c.StartAuctionBehaviour - Auction was Started!
07.нояб..2023 23:50:27.282 [SellerTwo] INFO  r.m.h.s.WaitForInvite - I dont wont proposes!
07.нояб..2023 23:50:27.290 [SellerOne] INFO  r.m.h.s.SendAnswerBehaviour - SellerOne: my Bet = 68
07.нояб..2023 23:50:37.288 [Croupier] INFO  r.m.h.c.WaitForProposesBehaviour - Croupier: Time is up! Received not all proposes, winner is SellerOne@192.168.56.1:1099/JADE
07.нояб..2023 23:50:37.291 [Croupier] INFO  r.m.h.c.SendContractBehaviour - Croupier: SellerOne@192.168.56.1:1099/JADE you win!
07.нояб..2023 23:50:37.293 [SellerTwo] INFO  r.m.h.FailBehaviour - SellerTwo: Провал аукциона
07.нояб..2023 23:50:37.294 [SellerOne] WARN  r.m.h.s.SendContractWinAndReject - SellerOne: I reject!
07.нояб..2023 23:50:37.301 [Croupier] INFO  r.m.h.FailBehaviour - Croupier: Провал аукциона
07.нояб..2023 23:50:55.762 [SellerOne] INFO  r.m.h.FunctionAgent - SellerOne: I was born
07.нояб..2023 23:50:55.762 [SellerTwo] INFO  r.m.h.FunctionAgent - SellerTwo: I was born
07.нояб..2023 23:50:55.762 [Croupier] INFO  r.m.h.FunctionAgent - Croupier: I was born
07.нояб..2023 23:50:55.788 [Croupier] INFO  r.m.h.c.StartAuctionBehaviour - Auction was Started!
07.нояб..2023 23:50:55.799 [SellerTwo] INFO  r.m.h.s.SendAnswerBehaviour - SellerTwo: my Bet = 275
07.нояб..2023 23:50:55.802 [SellerOne] INFO  r.m.h.s.SendAnswerBehaviour - SellerOne: my Bet = -20
07.нояб..2023 23:50:55.813 [Croupier] INFO  r.m.h.c.WaitForProposesBehaviour - Croupier: Received all proposes, winner is SellerTwo@192.168.56.1:1099/JADE
07.нояб..2023 23:50:55.822 [Croupier] INFO  r.m.h.c.SendContractBehaviour - Croupier: SellerTwo@192.168.56.1:1099/JADE you win!
07.нояб..2023 23:50:55.824 [SellerTwo] WARN  r.m.h.s.WaitForContractBehaviour - SellerTwo: I ignore!
07.нояб..2023 23:50:55.825 [SellerOne] INFO  r.m.h.FailBehaviour - SellerOne: Провал аукциона
07.нояб..2023 23:51:05.805 [Croupier] INFO  r.m.h.FailBehaviour - Croupier: Провал аукциона
07.нояб..2023 23:51:18.196 [Croupier] INFO  r.m.h.FunctionAgent - Croupier: I was born
07.нояб..2023 23:51:18.196 [SellerOne] INFO  r.m.h.FunctionAgent - SellerOne: I was born
07.нояб..2023 23:51:18.196 [SellerTwo] INFO  r.m.h.FunctionAgent - SellerTwo: I was born
07.нояб..2023 23:51:18.223 [Croupier] INFO  r.m.h.c.StartAuctionBehaviour - Auction was Started!
07.нояб..2023 23:51:18.233 [SellerOne] INFO  r.m.h.s.SendAnswerBehaviour - SellerOne: my Bet = -225
07.нояб..2023 23:51:18.235 [SellerTwo] INFO  r.m.h.s.SendAnswerBehaviour - SellerTwo: my Bet = 179
07.нояб..2023 23:51:18.246 [Croupier] INFO  r.m.h.c.WaitForProposesBehaviour - Croupier: Received all proposes, winner is SellerTwo@192.168.56.1:1099/JADE
07.нояб..2023 23:51:18.253 [Croupier] INFO  r.m.h.c.SendContractBehaviour - Croupier: SellerTwo@192.168.56.1:1099/JADE you win!
07.нояб..2023 23:51:18.253 [SellerOne] INFO  r.m.h.FailBehaviour - SellerOne: Провал аукциона
07.нояб..2023 23:51:18.257 [SellerTwo] WARN  r.m.h.s.SendContractYouWin - SellerTwo: I agree!
07.нояб..2023 23:51:18.258 [Croupier] INFO  r.m.h.SuccessBehaviour - Croupier: Успешный аукцион!
07.нояб..2023 23:51:35.743 [Croupier] INFO  r.m.h.FunctionAgent - Croupier: I was born
07.нояб..2023 23:51:35.743 [SellerOne] INFO  r.m.h.FunctionAgent - SellerOne: I was born
07.нояб..2023 23:51:35.743 [SellerTwo] INFO  r.m.h.FunctionAgent - SellerTwo: I was born
07.нояб..2023 23:51:35.772 [Croupier] INFO  r.m.h.c.StartAuctionBehaviour - Auction was Started!
07.нояб..2023 23:51:35.773 [SellerOne] INFO  r.m.h.s.WaitForInvite - I dont wont proposes!
07.нояб..2023 23:51:35.781 [SellerTwo] INFO  r.m.h.s.SendAnswerBehaviour - SellerTwo: my Bet = 107
07.нояб..2023 23:51:45.775 [Croupier] INFO  r.m.h.c.WaitForProposesBehaviour - Croupier: Time is up! Received not all proposes, winner is SellerTwo@192.168.56.1:1099/JADE
07.нояб..2023 23:51:45.778 [Croupier] INFO  r.m.h.c.SendContractBehaviour - Croupier: SellerTwo@192.168.56.1:1099/JADE you win!
07.нояб..2023 23:51:45.779 [SellerOne] INFO  r.m.h.FailBehaviour - SellerOne: Провал аукциона
07.нояб..2023 23:51:45.781 [SellerTwo] WARN  r.m.h.s.SendContractWinAndReject - SellerTwo: I reject!
07.нояб..2023 23:51:45.782 [Croupier] INFO  r.m.h.FailBehaviour - Croupier: Провал аукциона
